<?xml version="1.0" encoding="UTF-8"?>
<testng-results ignored="0" total="9" passed="9" failed="0" skipped="0">
  <reporter-output>
  </reporter-output>
  <suite started-at="2021-10-18T15:55:31 IST" name="Default suite" finished-at="2021-10-18T15:56:11 IST" duration-ms="40090">
    <groups>
    </groups>
    <test started-at="2021-10-18T15:55:31 IST" name="Default test" finished-at="2021-10-18T15:56:11 IST" duration-ms="40090">
      <class name="qualitest.AppTest">
        <test-method is-config="true" signature="a()[pri:0, instance:qualitest.AppTest@3e11f9e9]" started-at="2021-10-18T15:55:31 IST" name="a" finished-at="2021-10-18T15:55:35 IST" duration-ms="3276" status="PASS">
          <reporter-output>
          </reporter-output>
        </test-method> <!-- a -->
        <test-method signature="homePageColors()[pri:0, instance:qualitest.AppTest@3e11f9e9]" started-at="2021-10-18T15:55:35 IST" name="homePageColors" finished-at="2021-10-18T15:55:38 IST" duration-ms="3209" status="PASS">
          <reporter-output>
          </reporter-output>
        </test-method> <!-- homePageColors -->
        <test-method signature="login1()[pri:0, instance:qualitest.AppTest@3e11f9e9]" started-at="2021-10-18T15:55:38 IST" name="login1" finished-at="2021-10-18T15:55:43 IST" duration-ms="5578" status="PASS">
          <reporter-output>
          </reporter-output>
        </test-method> <!-- login1 -->
        <test-method signature="login2()[pri:0, instance:qualitest.AppTest@3e11f9e9]" started-at="2021-10-18T15:55:43 IST" name="login2" finished-at="2021-10-18T15:55:46 IST" duration-ms="2440" status="PASS">
          <reporter-output>
          </reporter-output>
        </test-method> <!-- login2 -->
        <test-method signature="login3()[pri:0, instance:qualitest.AppTest@3e11f9e9]" started-at="2021-10-18T15:55:46 IST" name="login3" finished-at="2021-10-18T15:56:01 IST" duration-ms="14898" status="PASS">
          <reporter-output>
          </reporter-output>
        </test-method> <!-- login3 -->
        <test-method signature="searchKudos()[pri:0, instance:qualitest.AppTest@3e11f9e9]" started-at="2021-10-18T15:56:01 IST" name="searchKudos" finished-at="2021-10-18T15:56:06 IST" duration-ms="5443" status="PASS">
          <reporter-output>
          </reporter-output>
        </test-method> <!-- searchKudos -->
        <test-method signature="seeKudosFromMe()[pri:0, instance:qualitest.AppTest@3e11f9e9]" started-at="2021-10-18T15:56:06 IST" name="seeKudosFromMe" finished-at="2021-10-18T15:56:08 IST" duration-ms="2247" status="PASS">
          <reporter-output>
          </reporter-output>
        </test-method> <!-- seeKudosFromMe -->
        <test-method signature="seeKudosToMe()[pri:0, instance:qualitest.AppTest@3e11f9e9]" started-at="2021-10-18T15:56:08 IST" name="seeKudosToMe" finished-at="2021-10-18T15:56:11 IST" duration-ms="2111" status="PASS">
          <reporter-output>
          </reporter-output>
        </test-method> <!-- seeKudosToMe -->
        <test-method signature="sendKudos()[pri:0, instance:qualitest.AppTest@3e11f9e9]" started-at="2021-10-18T15:56:11 IST" name="sendKudos" finished-at="2021-10-18T15:56:11 IST" duration-ms="5" status="PASS">
          <reporter-output>
          </reporter-output>
        </test-method> <!-- sendKudos -->
        <test-method signature="verifyTitle()[pri:0, instance:qualitest.AppTest@3e11f9e9]" started-at="2021-10-18T15:56:11 IST" name="verifyTitle" finished-at="2021-10-18T15:56:11 IST" duration-ms="762" status="PASS">
          <reporter-output>
          </reporter-output>
        </test-method> <!-- verifyTitle -->
      </class> <!-- qualitest.AppTest -->
    </test> <!-- Default test -->
  </suite> <!-- Default suite -->
</testng-results>
