<?xml version="1.0" encoding="UTF-8"?>
<testng-results ignored="0" total="9" passed="9" failed="0" skipped="0">
  <reporter-output>
  </reporter-output>
  <suite started-at="2021-10-22T11:30:08 IST" name="Default suite" finished-at="2021-10-22T11:30:53 IST" duration-ms="45069">
    <groups>
    </groups>
    <test started-at="2021-10-22T11:30:08 IST" name="Default test" finished-at="2021-10-22T11:30:53 IST" duration-ms="45069">
      <class name="qualitest.AppTest">
        <test-method is-config="true" signature="a()[pri:0, instance:qualitest.AppTest@295eaa7c]" started-at="2021-10-22T11:30:08 IST" name="a" finished-at="2021-10-22T11:30:14 IST" duration-ms="5471" status="PASS">
          <reporter-output>
          </reporter-output>
        </test-method> <!-- a -->
        <test-method signature="homePageColors()[pri:0, instance:qualitest.AppTest@295eaa7c]" started-at="2021-10-22T11:30:14 IST" name="homePageColors" finished-at="2021-10-22T11:30:16 IST" duration-ms="2391" status="PASS">
          <reporter-output>
          </reporter-output>
        </test-method> <!-- homePageColors -->
        <test-method signature="login1()[pri:0, instance:qualitest.AppTest@295eaa7c]" started-at="2021-10-22T11:30:16 IST" name="login1" finished-at="2021-10-22T11:30:21 IST" duration-ms="4509" status="PASS">
          <reporter-output>
          </reporter-output>
        </test-method> <!-- login1 -->
        <test-method signature="login2()[pri:0, instance:qualitest.AppTest@295eaa7c]" started-at="2021-10-22T11:30:21 IST" name="login2" finished-at="2021-10-22T11:30:22 IST" duration-ms="936" status="PASS">
          <reporter-output>
          </reporter-output>
        </test-method> <!-- login2 -->
        <test-method signature="login3()[pri:0, instance:qualitest.AppTest@295eaa7c]" started-at="2021-10-22T11:30:22 IST" name="login3" finished-at="2021-10-22T11:30:31 IST" duration-ms="9133" status="PASS">
          <reporter-output>
          </reporter-output>
        </test-method> <!-- login3 -->
        <test-method signature="searchKudos()[pri:0, instance:qualitest.AppTest@295eaa7c]" started-at="2021-10-22T11:30:31 IST" name="searchKudos" finished-at="2021-10-22T11:30:37 IST" duration-ms="6716" status="PASS">
          <reporter-output>
          </reporter-output>
        </test-method> <!-- searchKudos -->
        <test-method signature="seeKudosFromMe()[pri:0, instance:qualitest.AppTest@295eaa7c]" started-at="2021-10-22T11:30:37 IST" name="seeKudosFromMe" finished-at="2021-10-22T11:30:40 IST" duration-ms="2887" status="PASS">
          <reporter-output>
          </reporter-output>
        </test-method> <!-- seeKudosFromMe -->
        <test-method signature="seeKudosToMe()[pri:0, instance:qualitest.AppTest@295eaa7c]" started-at="2021-10-22T11:30:40 IST" name="seeKudosToMe" finished-at="2021-10-22T11:30:42 IST" duration-ms="2102" status="PASS">
          <reporter-output>
          </reporter-output>
        </test-method> <!-- seeKudosToMe -->
        <test-method signature="sendKudos()[pri:0, instance:qualitest.AppTest@295eaa7c]" started-at="2021-10-22T11:30:42 IST" name="sendKudos" finished-at="2021-10-22T11:30:52 IST" duration-ms="9679" status="PASS">
          <reporter-output>
          </reporter-output>
        </test-method> <!-- sendKudos -->
        <test-method signature="verifyTitle()[pri:0, instance:qualitest.AppTest@295eaa7c]" started-at="2021-10-22T11:30:52 IST" name="verifyTitle" finished-at="2021-10-22T11:30:53 IST" duration-ms="791" status="PASS">
          <reporter-output>
          </reporter-output>
        </test-method> <!-- verifyTitle -->
        <test-method is-config="true" signature="driverExit()[pri:0, instance:qualitest.AppTest@295eaa7c]" started-at="2021-10-22T11:30:53 IST" name="driverExit" finished-at="2021-10-22T11:30:53 IST" duration-ms="348" status="PASS">
          <reporter-output>
          </reporter-output>
        </test-method> <!-- driverExit -->
      </class> <!-- qualitest.AppTest -->
    </test> <!-- Default test -->
  </suite> <!-- Default suite -->
</testng-results>
