<?xml version="1.0" encoding="UTF-8"?>
<!-- Generated by org.testng.reporters.JUnitXMLReporter -->
<testsuite ignored="0" hostname="DESKTOP-PSRE6VL" failures="0" tests="9" name="Default test" time="40.09" errors="0" timestamp="2021-10-18T15:56:11 IST">
  <testcase classname="qualitest.AppTest" name="homePageColors" time="3.209"/>
  <testcase classname="qualitest.AppTest" name="login1" time="5.578"/>
  <testcase classname="qualitest.AppTest" name="login2" time="2.44"/>
  <testcase classname="qualitest.AppTest" name="login3" time="14.898"/>
  <testcase classname="qualitest.AppTest" name="searchKudos" time="5.443"/>
  <testcase classname="qualitest.AppTest" name="seeKudosFromMe" time="2.247"/>
  <testcase classname="qualitest.AppTest" name="seeKudosToMe" time="2.111"/>
  <testcase classname="qualitest.AppTest" name="sendKudos" time="0.005"/>
  <testcase classname="qualitest.AppTest" name="verifyTitle" time="0.762"/>
</testsuite> <!-- Default test -->
