<?xml version="1.0" encoding="UTF-8"?>
<!-- Generated by org.testng.reporters.JUnitXMLReporter -->
<testsuite ignored="0" hostname="DESKTOP-PSRE6VL" failures="0" tests="9" name="Default test" time="45.069" errors="0" timestamp="2021-10-22T11:30:53 IST">
  <testcase classname="qualitest.AppTest" name="homePageColors" time="2.391"/>
  <testcase classname="qualitest.AppTest" name="login1" time="4.509"/>
  <testcase classname="qualitest.AppTest" name="login2" time="0.936"/>
  <testcase classname="qualitest.AppTest" name="login3" time="9.133"/>
  <testcase classname="qualitest.AppTest" name="searchKudos" time="6.716"/>
  <testcase classname="qualitest.AppTest" name="seeKudosFromMe" time="2.887"/>
  <testcase classname="qualitest.AppTest" name="seeKudosToMe" time="2.102"/>
  <testcase classname="qualitest.AppTest" name="sendKudos" time="9.679"/>
  <testcase classname="qualitest.AppTest" name="verifyTitle" time="0.791"/>
</testsuite> <!-- Default test -->
