<?xml version="1.0" encoding="UTF-8"?>
<!-- Generated by org.testng.reporters.JUnitXMLReporter -->
<testsuite ignored="0" hostname="DESKTOP-PSRE6VL" failures="0" tests="9" name="Surefire test" time="46.153" errors="0" timestamp="2021-10-20T19:27:54 IST">
  <testcase classname="qualitest.AppTest" name="homePageColors" time="2.274"/>
  <testcase classname="qualitest.AppTest" name="login1" time="4.4"/>
  <testcase classname="qualitest.AppTest" name="login2" time="2.992"/>
  <testcase classname="qualitest.AppTest" name="login3" time="13.686"/>
  <testcase classname="qualitest.AppTest" name="searchKudos" time="4.422"/>
  <testcase classname="qualitest.AppTest" name="seeKudosFromMe" time="2.351"/>
  <testcase classname="qualitest.AppTest" name="seeKudosToMe" time="2.118"/>
  <testcase classname="qualitest.AppTest" name="sendKudos" time="9.794"/>
  <testcase classname="qualitest.AppTest" name="verifyTitle" time="1.022"/>
</testsuite> <!-- Surefire test -->
